Arguments: 
  /usr/local/bin/node /usr/local/bin/yarn update

PATH: 
  /usr/local/bin:/usr/bin:/bin:/usr/sbin:/sbin

Yarn version: 
  1.2.1

Node version: 
  6.11.4

Platform: 
  darwin x64

npm manifest: 
  {
    "name": "www.sejacriativa.com.br",
    "version": "1.0.0",
    "description": "Front-End do site www.sejacriativa.com.br",
    "main": "index.js",
    "repository": "https://github.com/jpduduch/www.sejacriativa.com.br.git",
    "author": "João Paulo <jpduduch@gmail.com>",
    "license": "MIT",
    "private": false,
    "dependencies": {
      "jquery": "^3.2.1",
      "materialize-sass": "^0.98.2"
    }
  
      "scripts": {
          "newinstall": "yarn install --modules-folder ./js"
      }
  }

yarn manifest: 
  No manifest

Lockfile: 
  # THIS IS AN AUTOGENERATED FILE. DO NOT EDIT THIS FILE DIRECTLY.
  # yarn lockfile v1
  
  
  jquery@^3.2.1:
    version "3.2.1"
    resolved "https://registry.yarnpkg.com/jquery/-/jquery-3.2.1.tgz#5c4d9de652af6cd0a770154a631bba12b015c787"
  
  materialize-sass@^0.98.2:
    version "0.98.2"
    resolved "https://registry.yarnpkg.com/materialize-sass/-/materialize-sass-0.98.2.tgz#c5aa211720eadf7f1520aaae510267cc85a34fd8"

Trace: 
  SyntaxError: /Users/jpduduch/Documents/Elemento/SejaCriativa/www.sejacriativa.com.br/package.json: Unexpected string in JSON at position 394
      at Object.parse (native)
      at /usr/local/lib/node_modules/yarn/lib/cli.js:770:59
      at next (native)
      at step (/usr/local/lib/node_modules/yarn/lib/cli.js:92:30)
      at /usr/local/lib/node_modules/yarn/lib/cli.js:103:13
